{"/home/runner/work/js-common/js-common/src/EventManager.js": {"path":"/home/runner/work/js-common/js-common/src/EventManager.js","statementMap":{"0":{"start":{"line":1,"column":0},"end":{"line":1,"column":47}},"1":{"start":{"line":8,"column":13},"end":{"line":8,"column":48}},"2":{"start":{"line":8,"column":35},"end":{"line":8,"column":48}},"3":{"start":{"line":13,"column":0},"end":{"line":13,"column":null}},"4":{"start":{"line":13,"column":34},"end":{"line":13,"column":46}},"5":{"start":{"line":14,"column":22},"end":{"line":14,"column":null}},"6":{"start":{"line":15,"column":4},"end":{"line":15,"column":null}},"7":{"start":{"line":17,"column":4},"end":{"line":17,"column":25}},"8":{"start":{"line":18,"column":4},"end":{"line":18,"column":21}},"9":{"start":{"line":19,"column":4},"end":{"line":19,"column":29}},"10":{"start":{"line":28,"column":8},"end":{"line":38,"column":null}},"11":{"start":{"line":28,"column":20},"end":{"line":28,"column":27}},"12":{"start":{"line":29,"column":10},"end":{"line":29,"column":50}},"13":{"start":{"line":30,"column":4},"end":{"line":34,"column":null}},"14":{"start":{"line":31,"column":6},"end":{"line":33,"column":8}},"15":{"start":{"line":36,"column":4},"end":{"line":36,"column":36}},"16":{"start":{"line":36,"column":4},"end":{"line":36,"column":37}},"17":{"start":{"line":37,"column":4},"end":{"line":37,"column":16}},"18":{"start":{"line":51,"column":2},"end":{"line":61,"column":null}},"19":{"start":{"line":52,"column":20},"end":{"line":52,"column":49}},"20":{"start":{"line":53,"column":4},"end":{"line":57,"column":null}},"21":{"start":{"line":54,"column":6},"end":{"line":56,"column":8}},"22":{"start":{"line":59,"column":4},"end":{"line":59,"column":30}},"23":{"start":{"line":60,"column":4},"end":{"line":60,"column":16}},"24":{"start":{"line":62,"column":0},"end":{"line":62,"column":null}},"25":{"start":{"line":13,"column":13},"end":{"line":13,"column":25}}},"fnMap":{"0":{"name":"(anonymous_0)","decl":{"start":{"line":8,"column":25},"end":{"line":8,"column":26}},"loc":{"start":{"line":8,"column":30},"end":{"line":8,"column":41}}},"1":{"name":"(anonymous_1)","decl":{"start":{"line":13,"column":0},"end":{"line":13,"column":13}},"loc":{"start":{"line":13,"column":0},"end":{"line":62,"column":null}}},"2":{"name":"EventManager","decl":{"start":{"line":14,"column":2},"end":{"line":14,"column":14}},"loc":{"start":{"line":14,"column":44},"end":{"line":20,"column":3}}},"3":{"name":"(anonymous_3)","decl":{"start":{"line":28,"column":2},"end":{"line":28,"column":8}},"loc":{"start":{"line":28,"column":18},"end":{"line":38,"column":null}}},"4":{"name":"(anonymous_6)","decl":{"start":{"line":51,"column":2},"end":{"line":51,"column":4}},"loc":{"start":{"line":51,"column":20},"end":{"line":61,"column":3}}}},"branchMap":{"0":{"loc":{"start":{"line":14,"column":22},"end":{"line":14,"column":null}},"type":"if","locations":[{"start":{"line":14,"column":22},"end":{"line":14,"column":null}},{"start":{"line":14,"column":22},"end":{"line":14,"column":null}}]},"1":{"loc":{"start":{"line":15,"column":4},"end":{"line":15,"column":11}},"type":"binary-expr","locations":[{"start":{"line":15,"column":4},"end":{"line":15,"column":11}},{"start":{"line":15,"column":11},"end":{"line":15,"column":null}}]},"2":{"loc":{"start":{"line":30,"column":4},"end":{"line":34,"column":null}},"type":"if","locations":[{"start":{"line":30,"column":4},"end":{"line":34,"column":null}},{"start":{"line":30,"column":4},"end":{"line":34,"column":null}}]},"3":{"loc":{"start":{"line":30,"column":8},"end":{"line":30,"column":29}},"type":"binary-expr","locations":[{"start":{"line":30,"column":8},"end":{"line":30,"column":29}},{"start":{"line":30,"column":33},"end":{"line":30,"column":62}}]},"4":{"loc":{"start":{"line":53,"column":4},"end":{"line":57,"column":null}},"type":"if","locations":[{"start":{"line":53,"column":4},"end":{"line":57,"column":null}},{"start":{"line":53,"column":4},"end":{"line":57,"column":null}}]},"5":{"loc":{"start":{"line":53,"column":8},"end":{"line":53,"column":29}},"type":"binary-expr","locations":[{"start":{"line":53,"column":8},"end":{"line":53,"column":29}},{"start":{"line":53,"column":33},"end":{"line":53,"column":62}}]}},"s":{"0":1,"1":1,"2":1,"3":1,"4":1,"5":2,"6":1,"7":1,"8":1,"9":1,"10":1,"11":3,"12":1,"13":1,"14":0,"15":1,"16":1,"17":1,"18":1,"19":1,"20":1,"21":0,"22":1,"23":1,"24":1,"25":1},"f":{"0":1,"1":1,"2":1,"3":1,"4":1},"b":{"0":[1,0],"1":[1,1],"2":[0,1],"3":[1,1],"4":[0,1],"5":[1,1]}}
,"/home/runner/work/js-common/js-common/src/index.ts": {"path":"/home/runner/work/js-common/js-common/src/index.ts","statementMap":{"0":{"start":{"line":1,"column":0},"end":{"line":1,"column":35}},"1":{"start":{"line":8,"column":2},"end":{"line":8,"column":8}},"2":{"start":{"line":2,"column":0},"end":{"line":2,"column":41}},"3":{"start":{"line":7,"column":2},"end":{"line":7,"column":11}},"4":{"start":{"line":4,"column":0},"end":{"line":4,"column":8}},"5":{"start":{"line":4,"column":8},"end":{"line":4,"column":22}},"6":{"start":{"line":4,"column":22},"end":{"line":4,"column":55}}},"fnMap":{"0":{"name":"(anonymous_0)","decl":{"start":{"line":4,"column":8},"end":{"line":4,"column":20}},"loc":{"start":{"line":4,"column":8},"end":{"line":4,"column":22}}},"1":{"name":"(anonymous_1)","decl":{"start":{"line":4,"column":22},"end":{"line":4,"column":31}},"loc":{"start":{"line":4,"column":22},"end":{"line":4,"column":55}}}},"branchMap":{},"s":{"0":1,"1":1,"2":1,"3":1,"4":1,"5":2,"6":2},"f":{"0":1,"1":1},"b":{}}
,"/home/runner/work/js-common/js-common/src/object.js": {"path":"/home/runner/work/js-common/js-common/src/object.js","statementMap":{"0":{"start":{"line":5,"column":2},"end":{"line":5,"column":66}},"1":{"start":{"line":4,"column":0},"end":{"line":4,"column":16}},"2":{"start":{"line":13,"column":17},"end":{"line":13,"column":42}},"3":{"start":{"line":14,"column":2},"end":{"line":25,"column":null}},"4":{"start":{"line":15,"column":4},"end":{"line":24,"column":7}},"5":{"start":{"line":16,"column":6},"end":{"line":23,"column":null}},"6":{"start":{"line":17,"column":8},"end":{"line":20,"column":null}},"7":{"start":{"line":17,"column":30},"end":{"line":17,"column":74}},"8":{"start":{"line":19,"column":10},"end":{"line":19,"column":60}},"9":{"start":{"line":22,"column":8},"end":{"line":22,"column":52}},"10":{"start":{"line":26,"column":2},"end":{"line":26,"column":16}},"11":{"start":{"line":12,"column":0},"end":{"line":12,"column":16}},"12":{"start":{"line":36,"column":2},"end":{"line":47,"column":4}},"13":{"start":{"line":41,"column":14},"end":{"line":43,"column":null}},"14":{"start":{"line":35,"column":0},"end":{"line":35,"column":16}},"15":{"start":{"line":50,"column":0},"end":{"line":54,"column":2}}},"fnMap":{"0":{"name":"isObject","decl":{"start":{"line":4,"column":16},"end":{"line":4,"column":24}},"loc":{"start":{"line":4,"column":29},"end":{"line":6,"column":1}}},"1":{"name":"mergeDeep","decl":{"start":{"line":12,"column":16},"end":{"line":12,"column":25}},"loc":{"start":{"line":12,"column":40},"end":{"line":27,"column":1}}},"2":{"name":"(anonymous_2)","decl":{"start":{"line":15,"column":32},"end":{"line":15,"column":33}},"loc":{"start":{"line":15,"column":36},"end":{"line":24,"column":5}}},"3":{"name":"objToGql","decl":{"start":{"line":35,"column":16},"end":{"line":35,"column":24}},"loc":{"start":{"line":35,"column":28},"end":{"line":48,"column":1}}},"4":{"name":"(anonymous_4)","decl":{"start":{"line":40,"column":12},"end":{"line":40,"column":13}},"loc":{"start":{"line":40,"column":14},"end":{"line":41,"column":17}}}},"branchMap":{"0":{"loc":{"start":{"line":5,"column":9},"end":{"line":5,"column":13}},"type":"binary-expr","locations":[{"start":{"line":5,"column":9},"end":{"line":5,"column":13}},{"start":{"line":5,"column":17},"end":{"line":5,"column":41}},{"start":{"line":5,"column":45},"end":{"line":5,"column":65}}]},"1":{"loc":{"start":{"line":14,"column":2},"end":{"line":25,"column":null}},"type":"if","locations":[{"start":{"line":14,"column":2},"end":{"line":25,"column":null}},{"start":{"line":14,"column":2},"end":{"line":25,"column":null}}]},"2":{"loc":{"start":{"line":14,"column":6},"end":{"line":14,"column":22}},"type":"binary-expr","locations":[{"start":{"line":14,"column":6},"end":{"line":14,"column":22}},{"start":{"line":14,"column":26},"end":{"line":14,"column":42}}]},"3":{"loc":{"start":{"line":16,"column":6},"end":{"line":23,"column":null}},"type":"if","locations":[{"start":{"line":16,"column":6},"end":{"line":23,"column":null}},{"start":{"line":16,"column":6},"end":{"line":23,"column":null}}]},"4":{"loc":{"start":{"line":17,"column":8},"end":{"line":20,"column":null}},"type":"if","locations":[{"start":{"line":17,"column":8},"end":{"line":20,"column":null}},{"start":{"line":17,"column":8},"end":{"line":20,"column":null}}]},"5":{"loc":{"start":{"line":42,"column":41},"end":{"line":42,"column":68}},"type":"cond-expr","locations":[{"start":{"line":42,"column":41},"end":{"line":42,"column":68}},{"start":{"line":42,"column":71},"end":{"line":42,"column":77}}]}},"s":{"0":12,"1":1,"2":3,"3":3,"4":2,"5":5,"6":2,"7":1,"8":1,"9":3,"10":3,"11":1,"12":0,"13":0,"14":1,"15":1},"f":{"0":12,"1":3,"2":5,"3":0,"4":0},"b":{"0":[12,12,8],"1":[2,1],"2":[3,3],"3":[2,3],"4":[1,1],"5":[0,0]}}
,"/home/runner/work/js-common/js-common/src/pathUtils.js": {"path":"/home/runner/work/js-common/js-common/src/pathUtils.js","statementMap":{"0":{"start":{"line":1,"column":0},"end":{"line":1,"column":40}},"1":{"start":{"line":2,"column":0},"end":{"line":2,"column":24}},"2":{"start":{"line":8,"column":2},"end":{"line":12,"column":4}},"3":{"start":{"line":7,"column":0},"end":{"line":7,"column":16}},"4":{"start":{"line":19,"column":2},"end":{"line":19,"column":47}},"5":{"start":{"line":18,"column":0},"end":{"line":18,"column":16}},"6":{"start":{"line":26,"column":2},"end":{"line":28,"column":42}},"7":{"start":{"line":25,"column":0},"end":{"line":25,"column":16}}},"fnMap":{"0":{"name":"appRoot","decl":{"start":{"line":7,"column":16},"end":{"line":7,"column":23}},"loc":{"start":{"line":7,"column":23},"end":{"line":13,"column":1}}},"1":{"name":"fromAppRoot","decl":{"start":{"line":18,"column":16},"end":{"line":18,"column":27}},"loc":{"start":{"line":18,"column":32},"end":{"line":20,"column":1}}},"2":{"name":"resolvePath","decl":{"start":{"line":25,"column":16},"end":{"line":25,"column":27}},"loc":{"start":{"line":25,"column":32},"end":{"line":29,"column":1}}}},"branchMap":{"0":{"loc":{"start":{"line":9,"column":5},"end":{"line":9,"column":23}},"type":"binary-expr","locations":[{"start":{"line":9,"column":5},"end":{"line":9,"column":23}},{"start":{"line":10,"column":6},"end":{"line":10,"column":71}},{"start":{"line":11,"column":4},"end":{"line":11,"column":15}}]},"1":{"loc":{"start":{"line":27,"column":4},"end":{"line":27,"column":8}},"type":"cond-expr","locations":[{"start":{"line":27,"column":4},"end":{"line":27,"column":8}},{"start":{"line":28,"column":4},"end":{"line":28,"column":41}}]}},"s":{"0":1,"1":1,"2":2,"3":1,"4":1,"5":1,"6":2,"7":1},"f":{"0":2,"1":1,"2":2},"b":{"0":[2,0,2],"1":[1,1]}}
}
