TN:
SF:src/EventManager.js
FN:8,(anonymous_0)
FN:13,(anonymous_1)
FN:14,EventManager
FN:28,(anonymous_3)
FN:51,(anonymous_6)
FNF:5
FNH:5
FNDA:1,(anonymous_0)
FNDA:1,(anonymous_1)
FNDA:1,EventManager
FNDA:1,(anonymous_3)
FNDA:1,(anonymous_6)
DA:1,1
DA:8,1
DA:13,1
DA:14,2
DA:15,1
DA:17,1
DA:18,1
DA:19,1
DA:28,3
DA:29,1
DA:30,1
DA:31,0
DA:36,1
DA:37,1
DA:51,1
DA:52,1
DA:53,1
DA:54,0
DA:59,1
DA:60,1
DA:62,1
LF:21
LH:19
BRDA:14,0,0,1
BRDA:14,0,1,0
BRDA:15,1,0,1
BRDA:15,1,1,1
BRDA:30,2,0,0
BRDA:30,2,1,1
BRDA:30,3,0,1
BRDA:30,3,1,1
BRDA:53,4,0,0
BRDA:53,4,1,1
BRDA:53,5,0,1
BRDA:53,5,1,1
BRF:12
BRH:9
end_of_record
TN:
SF:src/index.ts
FN:4,(anonymous_0)
FN:4,(anonymous_1)
FNF:2
FNH:2
FNDA:1,(anonymous_0)
FNDA:1,(anonymous_1)
DA:1,1
DA:2,1
DA:4,2
DA:7,1
DA:8,1
LF:5
LH:5
BRF:0
BRH:0
end_of_record
TN:
SF:src/object.js
FN:4,isObject
FN:12,mergeDeep
FN:15,(anonymous_2)
FN:35,objToGql
FN:40,(anonymous_4)
FNF:5
FNH:3
FNDA:12,isObject
FNDA:3,mergeDeep
FNDA:5,(anonymous_2)
FNDA:0,objToGql
FNDA:0,(anonymous_4)
DA:4,1
DA:5,12
DA:12,1
DA:13,3
DA:14,3
DA:15,2
DA:16,5
DA:17,2
DA:19,1
DA:22,3
DA:26,3
DA:35,1
DA:36,0
DA:41,0
DA:50,1
LF:15
LH:13
BRDA:5,0,0,12
BRDA:5,0,1,12
BRDA:5,0,2,8
BRDA:14,1,0,2
BRDA:14,1,1,1
BRDA:14,2,0,3
BRDA:14,2,1,3
BRDA:16,3,0,2
BRDA:16,3,1,3
BRDA:17,4,0,1
BRDA:17,4,1,1
BRDA:42,5,0,0
BRDA:42,5,1,0
BRF:13
BRH:11
end_of_record
TN:
SF:src/pathUtils.js
FN:7,appRoot
FN:18,fromAppRoot
FN:25,resolvePath
FNF:3
FNH:3
FNDA:2,appRoot
FNDA:1,fromAppRoot
FNDA:2,resolvePath
DA:1,1
DA:2,1
DA:7,1
DA:8,2
DA:18,1
DA:19,1
DA:25,1
DA:26,2
LF:8
LH:8
BRDA:9,0,0,2
BRDA:9,0,1,0
BRDA:9,0,2,2
BRDA:27,1,0,1
BRDA:27,1,1,1
BRF:5
BRH:4
end_of_record
